<?xml version="1.0" encoding="UTF-8" ?>
<testsuite tests="10" failures="2" name="TestSuite" time="77.683" errors="0" skipped="8">
  <properties>
[...]
</properties>
  <testcase classname="com.zaizi.automation.alfresco.testScripts.UserGroupTest_FF" name="beforemethod" time="77.683">
    <failure message="Could not start a new session. Possible causes are invalid address of the remote server or browser start-up failure.
Build info: version: &apos;2.53.0&apos;, revision: &apos;35ae25b1534ae328c771e0856c93e187490ca824&apos;, time: &apos;2016-03-15 10:43:46&apos;
System info: host: &apos;Rashad&apos;, ip: &apos;192.168.1.55&apos;, os.name: &apos;Mac OS X&apos;, os.arch: &apos;x86_64&apos;, os.version: &apos;10.10.4&apos;, java.version: &apos;1.8.0_73&apos;
Driver info: driver.version: RemoteWebDriver" type="org.openqa.selenium.remote.UnreachableBrowserException">org.openqa.selenium.remote.UnreachableBrowserException: Could not start a new session. Possible causes are invalid address of the remote server or browser start-up failure.
Build info: version: &apos;2.53.0&apos;, revision: &apos;35ae25b1534ae328c771e0856c93e187490ca824&apos;, time: &apos;2016-03-15 10:43:46&apos;
System info: host: &apos;Rashad&apos;, ip: &apos;192.168.1.55&apos;, os.name: &apos;Mac OS X&apos;, os.arch: &apos;x86_64&apos;, os.version: &apos;10.10.4&apos;, java.version: &apos;1.8.0_73&apos;
Driver info: driver.version: RemoteWebDriver
	at org.openqa.selenium.remote.RemoteWebDriver.execute(RemoteWebDriver.java:665)
	at org.openqa.selenium.remote.RemoteWebDriver.startSession(RemoteWebDriver.java:249)
	at org.openqa.selenium.remote.RemoteWebDriver.&lt;init&gt;(RemoteWebDriver.java:131)
	at org.openqa.selenium.remote.RemoteWebDriver.&lt;init&gt;(RemoteWebDriver.java:158)
	at com.zaizi.automation.alfresco.core.info.TestCaseProperties.gridDriver(TestCaseProperties.java:318)
	at com.zaizi.automation.alfresco.core.info.TestCaseProperties.driverType(TestCaseProperties.java:377)
	at com.zaizi.automation.alfresco.testScripts.UserGroupTest_FF.beforemethod(UserGroupTest_FF.java:94)
Caused by: org.apache.http.conn.HttpHostConnectException: Connect to 192.168.1.12:5555 [/192.168.1.12] failed: Operation timed out
	at org.apache.http.impl.conn.DefaultHttpClientConnectionOperator.connect(DefaultHttpClientConnectionOperator.java:151)
	at org.apache.http.impl.conn.PoolingHttpClientConnectionManager.connect(PoolingHttpClientConnectionManager.java:353)
	at org.apache.http.impl.execchain.MainClientExec.establishRoute(MainClientExec.java:380)
	at org.apache.http.impl.execchain.MainClientExec.execute(MainClientExec.java:236)
	at org.apache.http.impl.execchain.ProtocolExec.execute(ProtocolExec.java:184)
	at org.apache.http.impl.execchain.RetryExec.execute(RetryExec.java:88)
	at org.apache.http.impl.execchain.RedirectExec.execute(RedirectExec.java:110)
	at org.apache.http.impl.client.InternalHttpClient.doExecute(InternalHttpClient.java:184)
	at org.apache.http.impl.client.CloseableHttpClient.execute(CloseableHttpClient.java:71)
	at org.apache.http.impl.client.CloseableHttpClient.execute(CloseableHttpClient.java:55)
	at org.openqa.selenium.remote.internal.ApacheHttpClient.fallBackExecute(ApacheHttpClient.java:144)
	at org.openqa.selenium.remote.internal.ApacheHttpClient.execute(ApacheHttpClient.java:90)
	at org.openqa.selenium.remote.HttpCommandExecutor.execute(HttpCommandExecutor.java:142)
	at org.openqa.selenium.remote.RemoteWebDriver.execute(RemoteWebDriver.java:644)
	... 21 more
Caused by: java.net.ConnectException: Operation timed out
	at java.net.PlainSocketImpl.socketConnect(Native Method)
	at java.net.AbstractPlainSocketImpl.doConnect(AbstractPlainSocketImpl.java:350)
	at java.net.AbstractPlainSocketImpl.connectToAddress(AbstractPlainSocketImpl.java:206)
	at java.net.AbstractPlainSocketImpl.connect(AbstractPlainSocketImpl.java:188)
	at java.net.SocksSocketImpl.connect(SocksSocketImpl.java:392)
	at java.net.Socket.connect(Socket.java:589)
	at org.apache.http.conn.socket.PlainConnectionSocketFactory.connectSocket(PlainConnectionSocketFactory.java:74)
	at org.apache.http.impl.conn.DefaultHttpClientConnectionOperator.connect(DefaultHttpClientConnectionOperator.java:134)
	... 34 more
</failure>
    <system-out>12:03:34.733 [main] INFO  - Testcases Started
</system-out>
  </testcase>
  <testcase classname="com.zaizi.automation.alfresco.testScripts.UserGroupTest_FF" name="createGroup" time="0">
    <skipped/>
  </testcase>
  <testcase classname="com.zaizi.automation.alfresco.testScripts.UserGroupTest_FF" name="close" time="0">
    <skipped/>
  </testcase>
  <testcase classname="com.zaizi.automation.alfresco.testScripts.UserGroupTest_FF" name="beforemethod" time="0">
    <skipped/>
  </testcase>
  <testcase classname="com.zaizi.automation.alfresco.testScripts.UserGroupTest_FF" name="EditGroup" time="0">
    <skipped/>
  </testcase>
  <testcase classname="com.zaizi.automation.alfresco.testScripts.UserGroupTest_FF" name="close" time="0">
    <skipped/>
  </testcase>
  <testcase classname="com.zaizi.automation.alfresco.testScripts.UserGroupTest_FF" name="beforemethod" time="0">
    <skipped/>
  </testcase>
  <testcase classname="com.zaizi.automation.alfresco.testScripts.UserGroupTest_FF" name="removeGroup" time="0">
    <skipped/>
  </testcase>
  <testcase classname="com.zaizi.automation.alfresco.testScripts.UserGroupTest_FF" name="close" time="0">
    <skipped/>
  </testcase>
  <testcase classname="com.zaizi.automation.alfresco.testScripts.UserGroupTest_FF" name="extent" time="0">
    <failure type="java.lang.NullPointerException">java.lang.NullPointerException
	at com.relevantcodes.extentreports.Report.terminate(Report.java:417)
	at com.relevantcodes.extentreports.ExtentReports.close(ExtentReports.java:919)
	at com.zaizi.automation.alfresco.testScripts.UserGroupTest_FF.extent(UserGroupTest_FF.java:532)
</failure>
    <system-out>12:04:50.667 [main] INFO  - Test case closed
</system-out>
  </testcase>
</testsuite>