<?xml version="1.0" encoding="UTF-8"?>
<testng-results skipped="3" failed="0" total="3" passed="0">
  <reporter-output>
  </reporter-output>
  <suite name="Alfresco Login" duration-ms="75960" started-at="2016-06-08T06:33:34Z" finished-at="2016-06-08T06:34:50Z">
    <groups>
    </groups>
    <test name="Test-UserGroup test Alfresco" duration-ms="75945" started-at="2016-06-08T06:33:34Z" finished-at="2016-06-08T06:34:50Z">
      <class name="com.zaizi.automation.alfresco.testScripts.UserGroupTest_FF">
        <test-method status="PASS" signature="beforeClass()[pri:0, instance:com.zaizi.automation.alfresco.testScripts.UserGroupTest_FF@77167fb7]" name="beforeClass" is-config="true" duration-ms="12" started-at="2016-06-08T12:03:34Z" finished-at="2016-06-08T12:03:34Z">
          <reporter-output>
          </reporter-output>
        </test-method> <!-- beforeClass -->
        <test-method status="FAIL" signature="beforemethod()[pri:0, instance:com.zaizi.automation.alfresco.testScripts.UserGroupTest_FF@77167fb7]" name="beforemethod" is-config="true" duration-ms="0" started-at="2016-06-08T12:03:34Z" finished-at="2016-06-08T12:03:34Z">
          <exception class="org.openqa.selenium.remote.UnreachableBrowserException">
            <message>
              <![CDATA[Could not start a new session. Possible causes are invalid address of the remote server or browser start-up failure.
Build info: version: '2.53.0', revision: '35ae25b1534ae328c771e0856c93e187490ca824', time: '2016-03-15 10:43:46'
System info: host: 'Rashad', ip: '192.168.1.55', os.name: 'Mac OS X', os.arch: 'x86_64', os.version: '10.10.4', java.version: '1.8.0_73'
Driver info: driver.version: RemoteWebDriver]]>
            </message>
            <full-stacktrace>
              <![CDATA[org.openqa.selenium.remote.UnreachableBrowserException: Could not start a new session. Possible causes are invalid address of the remote server or browser start-up failure.
Build info: version: '2.53.0', revision: '35ae25b1534ae328c771e0856c93e187490ca824', time: '2016-03-15 10:43:46'
System info: host: 'Rashad', ip: '192.168.1.55', os.name: 'Mac OS X', os.arch: 'x86_64', os.version: '10.10.4', java.version: '1.8.0_73'
Driver info: driver.version: RemoteWebDriver
	at org.openqa.selenium.remote.RemoteWebDriver.execute(RemoteWebDriver.java:665)
	at org.openqa.selenium.remote.RemoteWebDriver.startSession(RemoteWebDriver.java:249)
	at org.openqa.selenium.remote.RemoteWebDriver.<init>(RemoteWebDriver.java:131)
	at org.openqa.selenium.remote.RemoteWebDriver.<init>(RemoteWebDriver.java:158)
	at com.zaizi.automation.alfresco.core.info.TestCaseProperties.gridDriver(TestCaseProperties.java:318)
	at com.zaizi.automation.alfresco.core.info.TestCaseProperties.driverType(TestCaseProperties.java:377)
	at com.zaizi.automation.alfresco.testScripts.UserGroupTest_FF.beforemethod(UserGroupTest_FF.java:94)
	at sun.reflect.NativeMethodAccessorImpl.invoke0(Native Method)
	at sun.reflect.NativeMethodAccessorImpl.invoke(NativeMethodAccessorImpl.java:62)
	at sun.reflect.DelegatingMethodAccessorImpl.invoke(DelegatingMethodAccessorImpl.java:43)
	at java.lang.reflect.Method.invoke(Method.java:497)
	at org.testng.internal.MethodInvocationHelper.invokeMethod(MethodInvocationHelper.java:80)
	at org.testng.internal.Invoker.invokeConfigurationMethod(Invoker.java:564)
	at org.testng.internal.Invoker.invokeConfigurations(Invoker.java:213)
	at org.testng.internal.Invoker.invokeMethod(Invoker.java:653)
	at org.testng.internal.Invoker.invokeTestMethod(Invoker.java:901)
	at org.testng.internal.Invoker.invokeTestMethods(Invoker.java:1231)
	at org.testng.internal.TestMethodWorker.invokeTestMethods(TestMethodWorker.java:127)
	at org.testng.internal.TestMethodWorker.run(TestMethodWorker.java:111)
	at java.util.concurrent.ThreadPoolExecutor.runWorker(ThreadPoolExecutor.java:1142)
	at java.util.concurrent.ThreadPoolExecutor$Worker.run(ThreadPoolExecutor.java:617)
	at java.lang.Thread.run(Thread.java:745)
Caused by: org.apache.http.conn.HttpHostConnectException: Connect to 192.168.1.12:5555 [/192.168.1.12] failed: Operation timed out
	at org.apache.http.impl.conn.DefaultHttpClientConnectionOperator.connect(DefaultHttpClientConnectionOperator.java:151)
	at org.apache.http.impl.conn.PoolingHttpClientConnectionManager.connect(PoolingHttpClientConnectionManager.java:353)
	at org.apache.http.impl.execchain.MainClientExec.establishRoute(MainClientExec.java:380)
	at org.apache.http.impl.execchain.MainClientExec.execute(MainClientExec.java:236)
	at org.apache.http.impl.execchain.ProtocolExec.execute(ProtocolExec.java:184)
	at org.apache.http.impl.execchain.RetryExec.execute(RetryExec.java:88)
	at org.apache.http.impl.execchain.RedirectExec.execute(RedirectExec.java:110)
	at org.apache.http.impl.client.InternalHttpClient.doExecute(InternalHttpClient.java:184)
	at org.apache.http.impl.client.CloseableHttpClient.execute(CloseableHttpClient.java:71)
	at org.apache.http.impl.client.CloseableHttpClient.execute(CloseableHttpClient.java:55)
	at org.openqa.selenium.remote.internal.ApacheHttpClient.fallBackExecute(ApacheHttpClient.java:144)
	at org.openqa.selenium.remote.internal.ApacheHttpClient.execute(ApacheHttpClient.java:90)
	at org.openqa.selenium.remote.HttpCommandExecutor.execute(HttpCommandExecutor.java:142)
	at org.openqa.selenium.remote.RemoteWebDriver.execute(RemoteWebDriver.java:644)
	... 21 more
Caused by: java.net.ConnectException: Operation timed out
	at java.net.PlainSocketImpl.socketConnect(Native Method)
	at java.net.AbstractPlainSocketImpl.doConnect(AbstractPlainSocketImpl.java:350)
	at java.net.AbstractPlainSocketImpl.connectToAddress(AbstractPlainSocketImpl.java:206)
	at java.net.AbstractPlainSocketImpl.connect(AbstractPlainSocketImpl.java:188)
	at java.net.SocksSocketImpl.connect(SocksSocketImpl.java:392)
	at java.net.Socket.connect(Socket.java:589)
	at org.apache.http.conn.socket.PlainConnectionSocketFactory.connectSocket(PlainConnectionSocketFactory.java:74)
	at org.apache.http.impl.conn.DefaultHttpClientConnectionOperator.connect(DefaultHttpClientConnectionOperator.java:134)
	... 34 more
]]>
            </full-stacktrace>
          </exception> <!-- org.openqa.selenium.remote.UnreachableBrowserException -->
          <reporter-output>
          </reporter-output>
        </test-method> <!-- beforemethod -->
        <test-method status="SKIP" signature="createGroup(java.lang.String, java.lang.String, java.lang.String)[pri:0, instance:com.zaizi.automation.alfresco.testScripts.UserGroupTest_FF@77167fb7]" name="createGroup" duration-ms="1" started-at="2016-06-08T12:04:50Z" data-provider="getData" finished-at="2016-06-08T12:04:50Z">
          <params>
            <param index="0">
              <value>
                <![CDATA[GroupFF]]>
              </value>
            </param>
            <param index="1">
              <value>
                <![CDATA[GroupFFID]]>
              </value>
            </param>
            <param index="2">
              <value>
                <![CDATA[FFGroupUserTest]]>
              </value>
            </param>
          </params>
          <reporter-output>
          </reporter-output>
        </test-method> <!-- createGroup -->
        <test-method status="SKIP" signature="close()[pri:0, instance:com.zaizi.automation.alfresco.testScripts.UserGroupTest_FF@77167fb7]" name="close" is-config="true" duration-ms="0" started-at="2016-06-08T12:04:50Z" finished-at="2016-06-08T12:04:50Z">
          <reporter-output>
          </reporter-output>
        </test-method> <!-- close -->
        <test-method status="SKIP" signature="close()[pri:0, instance:com.zaizi.automation.alfresco.testScripts.UserGroupTest_FF@77167fb7]" name="close" is-config="true" duration-ms="0" started-at="2016-06-08T12:04:50Z" finished-at="2016-06-08T12:04:50Z">
          <reporter-output>
          </reporter-output>
        </test-method> <!-- close -->
        <test-method status="SKIP" signature="EditGroup(java.lang.String, java.lang.String, java.lang.String)[pri:0, instance:com.zaizi.automation.alfresco.testScripts.UserGroupTest_FF@77167fb7]" name="EditGroup" duration-ms="0" started-at="2016-06-08T12:04:50Z" data-provider="getData" finished-at="2016-06-08T12:04:50Z">
          <params>
            <param index="0">
              <value>
                <![CDATA[GroupFF]]>
              </value>
            </param>
            <param index="1">
              <value>
                <![CDATA[newGroupFF]]>
              </value>
            </param>
            <param index="2">
              <value>
                <![CDATA[FFGroupUserTest]]>
              </value>
            </param>
          </params>
          <reporter-output>
          </reporter-output>
        </test-method> <!-- EditGroup -->
        <test-method status="SKIP" signature="beforemethod()[pri:0, instance:com.zaizi.automation.alfresco.testScripts.UserGroupTest_FF@77167fb7]" name="beforemethod" is-config="true" duration-ms="0" started-at="2016-06-08T12:04:50Z" finished-at="2016-06-08T12:04:50Z">
          <reporter-output>
          </reporter-output>
        </test-method> <!-- beforemethod -->
        <test-method status="SKIP" signature="beforemethod()[pri:0, instance:com.zaizi.automation.alfresco.testScripts.UserGroupTest_FF@77167fb7]" name="beforemethod" is-config="true" duration-ms="0" started-at="2016-06-08T12:04:50Z" finished-at="2016-06-08T12:04:50Z">
          <reporter-output>
          </reporter-output>
        </test-method> <!-- beforemethod -->
        <test-method status="SKIP" signature="removeGroup(java.lang.String, java.lang.String)[pri:0, instance:com.zaizi.automation.alfresco.testScripts.UserGroupTest_FF@77167fb7]" name="removeGroup" duration-ms="0" started-at="2016-06-08T12:04:50Z" data-provider="getData" finished-at="2016-06-08T12:04:50Z">
          <params>
            <param index="0">
              <value>
                <![CDATA[newGroupFF]]>
              </value>
            </param>
            <param index="1">
              <value>
                <![CDATA[FFGroupUserTest]]>
              </value>
            </param>
          </params>
          <reporter-output>
          </reporter-output>
        </test-method> <!-- removeGroup -->
        <test-method status="SKIP" signature="close()[pri:0, instance:com.zaizi.automation.alfresco.testScripts.UserGroupTest_FF@77167fb7]" name="close" is-config="true" duration-ms="0" started-at="2016-06-08T12:04:50Z" finished-at="2016-06-08T12:04:50Z">
          <reporter-output>
          </reporter-output>
        </test-method> <!-- close -->
        <test-method status="FAIL" signature="extent()[pri:0, instance:com.zaizi.automation.alfresco.testScripts.UserGroupTest_FF@77167fb7]" name="extent" is-config="true" duration-ms="0" started-at="2016-06-08T12:04:50Z" finished-at="2016-06-08T12:04:50Z">
          <exception class="java.lang.NullPointerException">
            <full-stacktrace>
              <![CDATA[java.lang.NullPointerException
	at com.relevantcodes.extentreports.Report.terminate(Report.java:417)
	at com.relevantcodes.extentreports.ExtentReports.close(ExtentReports.java:919)
	at com.zaizi.automation.alfresco.testScripts.UserGroupTest_FF.extent(UserGroupTest_FF.java:532)
	at sun.reflect.NativeMethodAccessorImpl.invoke0(Native Method)
	at sun.reflect.NativeMethodAccessorImpl.invoke(NativeMethodAccessorImpl.java:62)
	at sun.reflect.DelegatingMethodAccessorImpl.invoke(DelegatingMethodAccessorImpl.java:43)
	at java.lang.reflect.Method.invoke(Method.java:497)
	at org.testng.internal.MethodInvocationHelper.invokeMethod(MethodInvocationHelper.java:80)
	at org.testng.internal.Invoker.invokeConfigurationMethod(Invoker.java:564)
	at org.testng.internal.Invoker.invokeConfigurations(Invoker.java:213)
	at org.testng.internal.Invoker.invokeConfigurations(Invoker.java:138)
	at org.testng.TestRunner.afterRun(TestRunner.java:1021)
	at org.testng.TestRunner.run(TestRunner.java:621)
	at org.testng.SuiteRunner.runTest(SuiteRunner.java:334)
	at org.testng.SuiteRunner.runSequentially(SuiteRunner.java:329)
	at org.testng.SuiteRunner.privateRun(SuiteRunner.java:291)
	at org.testng.SuiteRunner.run(SuiteRunner.java:240)
	at org.testng.SuiteRunnerWorker.runSuite(SuiteRunnerWorker.java:52)
	at org.testng.SuiteRunnerWorker.run(SuiteRunnerWorker.java:86)
	at org.testng.TestNG.runSuitesSequentially(TestNG.java:1198)
	at org.testng.TestNG.runSuitesLocally(TestNG.java:1123)
	at org.testng.TestNG.run(TestNG.java:1031)
	at org.apache.maven.surefire.testng.TestNGExecutor.run(TestNGExecutor.java:177)
	at org.apache.maven.surefire.testng.TestNGXmlTestSuite.execute(TestNGXmlTestSuite.java:92)
	at org.apache.maven.surefire.testng.TestNGProvider.invoke(TestNGProvider.java:105)
	at sun.reflect.NativeMethodAccessorImpl.invoke0(Native Method)
	at sun.reflect.NativeMethodAccessorImpl.invoke(NativeMethodAccessorImpl.java:62)
	at sun.reflect.DelegatingMethodAccessorImpl.invoke(DelegatingMethodAccessorImpl.java:43)
	at java.lang.reflect.Method.invoke(Method.java:497)
	at org.apache.maven.surefire.util.ReflectionUtils.invokeMethodWithArray(ReflectionUtils.java:189)
	at org.apache.maven.surefire.booter.ProviderFactory$ProviderProxy.invoke(ProviderFactory.java:165)
	at org.apache.maven.surefire.booter.ProviderFactory.invokeProvider(ProviderFactory.java:85)
	at org.apache.maven.surefire.booter.ForkedBooter.runSuitesInProcess(ForkedBooter.java:103)
	at org.apache.maven.surefire.booter.ForkedBooter.main(ForkedBooter.java:74)
]]>
            </full-stacktrace>
          </exception> <!-- java.lang.NullPointerException -->
          <reporter-output>
          </reporter-output>
        </test-method> <!-- extent -->
      </class> <!-- com.zaizi.automation.alfresco.testScripts.UserGroupTest_FF -->
    </test> <!-- Test-UserGroup test Alfresco -->
    <test name="Email Report" duration-ms="0" started-at="2016-06-08T06:34:50Z" finished-at="2016-06-08T06:34:50Z">
      <class name="com.zaizi.automation.email.sendEmailReport">
        <test-method status="PASS" signature="aftersuite()[pri:0, instance:com.zaizi.automation.email.sendEmailReport@12e61fe6]" name="aftersuite" is-config="true" duration-ms="7486" started-at="2016-06-08T12:04:50Z" finished-at="2016-06-08T12:04:58Z">
          <reporter-output>
          </reporter-output>
        </test-method> <!-- aftersuite -->
      </class> <!-- com.zaizi.automation.email.sendEmailReport -->
    </test> <!-- Email Report -->
  </suite> <!-- Alfresco Login -->
</testng-results>
