<?xml version="1.0" encoding="UTF-8"?>
<testsuite name="Test-User test Alfresco"
           tests="3"
           failures="0"
           errors="0"
           skipped="0"
           time="177.896">
  <properties />
  
  
            <testcase name="EditUser" time="36.514" classname="com.zaizi.automation.alfresco.testScripts.UserTest_FF" />
                <testcase name="createUser" time="59.227" classname="com.zaizi.automation.alfresco.testScripts.UserTest_FF" />
                <testcase name="deleteUser" time="82.155" classname="com.zaizi.automation.alfresco.testScripts.UserTest_FF" />
      
</testsuite>
