<?xml version="1.0" encoding="UTF-8"?>
<testsuite name="Test-Site creation Alfresco"
           tests="4"
           failures="0"
           errors="0"
           skipped="0"
           time="317.696">
  <properties />
  
  
            <testcase name="editSite" time="73.748" classname="com.zaizi.automation.alfresco.testScripts.SiteTest_FF" />
                <testcase name="createSite" time="62.452" classname="com.zaizi.automation.alfresco.testScripts.SiteTest_FF" />
                <testcase name="deleteSite" time="112.641" classname="com.zaizi.automation.alfresco.testScripts.SiteTest_FF" />
                <testcase name="createUser" time="68.855" classname="com.zaizi.automation.alfresco.testScripts.SiteTest_FF" />
      
</testsuite>
