<?xml version="1.0" encoding="UTF-8"?>
<testsuite name="Test-Login Alfresco"
           tests="3"
           failures="0"
           errors="0"
           skipped="0"
           time="128.266">
  <properties />
  
  
            <testcase name="createUser" time="48.635" classname="com.zaizi.automation.alfresco.testScripts.LoginTest_Chrome" />
                <testcase name="deleteUser" time="57.845" classname="com.zaizi.automation.alfresco.testScripts.LoginTest_Chrome" />
                <testcase name="loginANDlogout" time="21.786" classname="com.zaizi.automation.alfresco.testScripts.LoginTest_Chrome" />
      
</testsuite>
