<?xml version="1.0" encoding="UTF-8"?>
<testsuite name="Test-Login Alfresco"
           tests="3"
           failures="0"
           errors="0"
           skipped="0"
           time="212.098">
  <properties />
  
  
            <testcase name="loginANDlogout" time="25.625" classname="com.zaizi.automation.alfresco.testScripts.LoginTest_FF" />
                <testcase name="createUser" time="79.533" classname="com.zaizi.automation.alfresco.testScripts.LoginTest_FF" />
                <testcase name="deleteUser" time="106.940" classname="com.zaizi.automation.alfresco.testScripts.LoginTest_FF" />
      
</testsuite>
