<?xml version="1.0" encoding="UTF-8"?>
<testng-results skipped="0" failed="0" total="3" passed="3">
  <reporter-output>
  </reporter-output>
  <suite name="Alfresco Login" duration-ms="134037" started-at="2016-06-08T11:50:47Z" finished-at="2016-06-08T11:53:02Z">
    <groups>
    </groups>
    <test name="Test-Login Alfresco" duration-ms="134000" started-at="2016-06-08T11:50:47Z" finished-at="2016-06-08T11:53:01Z">
      <class name="com.zaizi.automation.alfresco.testScripts.LoginTest_Chrome">
        <test-method status="PASS" signature="beforeClass()[pri:0, instance:com.zaizi.automation.alfresco.testScripts.LoginTest_Chrome@7ec7ffd3]" name="beforeClass" is-config="true" duration-ms="14" started-at="2016-06-08T17:20:47Z" finished-at="2016-06-08T17:20:47Z">
          <reporter-output>
          </reporter-output>
        </test-method> <!-- beforeClass -->
        <test-method status="PASS" signature="beforemethod()[pri:0, instance:com.zaizi.automation.alfresco.testScripts.LoginTest_Chrome@7ec7ffd3]" name="beforemethod" is-config="true" duration-ms="1983" started-at="2016-06-08T17:20:47Z" finished-at="2016-06-08T17:20:49Z">
          <reporter-output>
          </reporter-output>
        </test-method> <!-- beforemethod -->
        <test-method status="PASS" signature="createUser(java.lang.String, java.lang.String, java.lang.String, java.lang.String, java.lang.String, java.lang.String, java.lang.String)[pri:0, instance:com.zaizi.automation.alfresco.testScripts.LoginTest_Chrome@7ec7ffd3]" name="createUser" duration-ms="49314" started-at="2016-06-08T17:20:49Z" data-provider="getData" finished-at="2016-06-08T17:21:39Z">
          <params>
            <param index="0">
              <value>
                <![CDATA[test]]>
              </value>
            </param>
            <param index="1">
              <value>
                <![CDATA[test]]>
              </value>
            </param>
            <param index="2">
              <value>
                <![CDATA[test@gmail.com]]>
              </value>
            </param>
            <param index="3">
              <value>
                <![CDATA[testChrome]]>
              </value>
            </param>
            <param index="4">
              <value>
                <![CDATA[user@123]]>
              </value>
            </param>
            <param index="5">
              <value>
                <![CDATA[test test]]>
              </value>
            </param>
            <param index="6">
              <value>
                <![CDATA[ChromeLoginTest]]>
              </value>
            </param>
          </params>
          <reporter-output>
          </reporter-output>
        </test-method> <!-- createUser -->
        <test-method status="PASS" signature="clod()[pri:0, instance:com.zaizi.automation.alfresco.testScripts.LoginTest_Chrome@7ec7ffd3]" name="clod" is-config="true" duration-ms="79" started-at="2016-06-08T17:21:39Z" finished-at="2016-06-08T17:21:39Z">
          <reporter-output>
          </reporter-output>
        </test-method> <!-- clod -->
        <test-method status="PASS" signature="beforemethod()[pri:0, instance:com.zaizi.automation.alfresco.testScripts.LoginTest_Chrome@7ec7ffd3]" name="beforemethod" is-config="true" duration-ms="1511" started-at="2016-06-08T17:21:39Z" finished-at="2016-06-08T17:21:40Z">
          <reporter-output>
          </reporter-output>
        </test-method> <!-- beforemethod -->
        <test-method status="PASS" signature="loginANDlogout(java.lang.String, java.lang.String, java.lang.String, java.lang.String)[pri:0, instance:com.zaizi.automation.alfresco.testScripts.LoginTest_Chrome@7ec7ffd3]" name="loginANDlogout" duration-ms="21118" started-at="2016-06-08T17:21:40Z" data-provider="getData" finished-at="2016-06-08T17:22:02Z">
          <params>
            <param index="0">
              <value>
                <![CDATA[testChrome]]>
              </value>
            </param>
            <param index="1">
              <value>
                <![CDATA[user@123]]>
              </value>
            </param>
            <param index="2">
              <value>
                <![CDATA[test test]]>
              </value>
            </param>
            <param index="3">
              <value>
                <![CDATA[ChromeLoginTest]]>
              </value>
            </param>
          </params>
          <reporter-output>
          </reporter-output>
        </test-method> <!-- loginANDlogout -->
        <test-method status="PASS" signature="clod()[pri:0, instance:com.zaizi.automation.alfresco.testScripts.LoginTest_Chrome@7ec7ffd3]" name="clod" is-config="true" duration-ms="77" started-at="2016-06-08T17:22:02Z" finished-at="2016-06-08T17:22:02Z">
          <reporter-output>
          </reporter-output>
        </test-method> <!-- clod -->
        <test-method status="PASS" signature="beforemethod()[pri:0, instance:com.zaizi.automation.alfresco.testScripts.LoginTest_Chrome@7ec7ffd3]" name="beforemethod" is-config="true" duration-ms="1502" started-at="2016-06-08T17:22:02Z" finished-at="2016-06-08T17:22:03Z">
          <reporter-output>
          </reporter-output>
        </test-method> <!-- beforemethod -->
        <test-method status="PASS" signature="deleteUser(java.lang.String, java.lang.String, java.lang.String, java.lang.String)[pri:0, instance:com.zaizi.automation.alfresco.testScripts.LoginTest_Chrome@7ec7ffd3]" name="deleteUser" duration-ms="58293" started-at="2016-06-08T17:22:03Z" data-provider="getData" finished-at="2016-06-08T17:23:01Z">
          <params>
            <param index="0">
              <value>
                <![CDATA[testChrome]]>
              </value>
            </param>
            <param index="1">
              <value>
                <![CDATA[test]]>
              </value>
            </param>
            <param index="2">
              <value>
                <![CDATA[test]]>
              </value>
            </param>
            <param index="3">
              <value>
                <![CDATA[ChromeLoginTest]]>
              </value>
            </param>
          </params>
          <reporter-output>
          </reporter-output>
        </test-method> <!-- deleteUser -->
        <test-method status="PASS" signature="clod()[pri:0, instance:com.zaizi.automation.alfresco.testScripts.LoginTest_Chrome@7ec7ffd3]" name="clod" is-config="true" duration-ms="78" started-at="2016-06-08T17:23:01Z" finished-at="2016-06-08T17:23:01Z">
          <reporter-output>
          </reporter-output>
        </test-method> <!-- clod -->
        <test-method status="PASS" signature="extent()[pri:0, instance:com.zaizi.automation.alfresco.testScripts.LoginTest_Chrome@7ec7ffd3]" name="extent" is-config="true" duration-ms="21" started-at="2016-06-08T17:23:01Z" finished-at="2016-06-08T17:23:01Z">
          <reporter-output>
          </reporter-output>
        </test-method> <!-- extent -->
      </class> <!-- com.zaizi.automation.alfresco.testScripts.LoginTest_Chrome -->
    </test> <!-- Test-Login Alfresco -->
    <test name="Email Report" duration-ms="0" started-at="2016-06-08T11:53:02Z" finished-at="2016-06-08T11:53:02Z">
      <class name="com.zaizi.automation.email.sendEmailReport">
        <test-method status="PASS" signature="aftersuite()[pri:0, instance:com.zaizi.automation.email.sendEmailReport@2b662a77]" name="aftersuite" is-config="true" duration-ms="19924" started-at="2016-06-08T17:23:02Z" finished-at="2016-06-08T17:23:21Z">
          <reporter-output>
          </reporter-output>
        </test-method> <!-- aftersuite -->
      </class> <!-- com.zaizi.automation.email.sendEmailReport -->
    </test> <!-- Email Report -->
  </suite> <!-- Alfresco Login -->
</testng-results>
