<?xml version="1.0" encoding="UTF-8"?>
<testng-results skipped="0" failed="0" total="3" passed="3">
  <reporter-output>
  </reporter-output>
  <suite name="Alfresco Login" duration-ms="671383" started-at="2016-06-07T04:50:37Z" finished-at="2016-06-07T05:01:48Z">
    <groups>
    </groups>
    <test name="Test-UserGroup test Alfresco" duration-ms="670664" started-at="2016-06-07T04:50:37Z" finished-at="2016-06-07T05:01:47Z">
      <class name="com.zaizi.automation.alfresco.testScripts.UserGroupTest_FF">
        <test-method status="PASS" signature="beforeClass()[pri:0, instance:com.zaizi.automation.alfresco.testScripts.UserGroupTest_FF@71809907]" name="beforeClass" is-config="true" duration-ms="345" started-at="2016-06-07T10:20:37Z" finished-at="2016-06-07T10:20:37Z">
          <reporter-output>
          </reporter-output>
        </test-method> <!-- beforeClass -->
        <test-method status="PASS" signature="beforemethod()[pri:0, instance:com.zaizi.automation.alfresco.testScripts.UserGroupTest_FF@71809907]" name="beforemethod" is-config="true" duration-ms="60053" started-at="2016-06-07T10:20:37Z" finished-at="2016-06-07T10:21:37Z">
          <reporter-output>
          </reporter-output>
        </test-method> <!-- beforemethod -->
        <test-method status="PASS" signature="createGroup(java.lang.String, java.lang.String, java.lang.String)[pri:0, instance:com.zaizi.automation.alfresco.testScripts.UserGroupTest_FF@71809907]" name="createGroup" duration-ms="132693" started-at="2016-06-07T10:21:37Z" data-provider="getData" finished-at="2016-06-07T10:23:50Z">
          <params>
            <param index="0">
              <value>
                <![CDATA[GroupFF]]>
              </value>
            </param>
            <param index="1">
              <value>
                <![CDATA[GroupFFID]]>
              </value>
            </param>
            <param index="2">
              <value>
                <![CDATA[FFGroupUserTest]]>
              </value>
            </param>
          </params>
          <reporter-output>
          </reporter-output>
        </test-method> <!-- createGroup -->
        <test-method status="PASS" signature="close()[pri:0, instance:com.zaizi.automation.alfresco.testScripts.UserGroupTest_FF@71809907]" name="close" is-config="true" duration-ms="36997" started-at="2016-06-07T10:23:50Z" finished-at="2016-06-07T10:24:27Z">
          <reporter-output>
          </reporter-output>
        </test-method> <!-- close -->
        <test-method status="PASS" signature="beforemethod()[pri:0, instance:com.zaizi.automation.alfresco.testScripts.UserGroupTest_FF@71809907]" name="beforemethod" is-config="true" duration-ms="26310" started-at="2016-06-07T10:24:27Z" finished-at="2016-06-07T10:24:53Z">
          <reporter-output>
          </reporter-output>
        </test-method> <!-- beforemethod -->
        <test-method status="PASS" signature="EditGroup(java.lang.String, java.lang.String, java.lang.String)[pri:0, instance:com.zaizi.automation.alfresco.testScripts.UserGroupTest_FF@71809907]" name="EditGroup" duration-ms="119476" started-at="2016-06-07T10:24:53Z" data-provider="getData" finished-at="2016-06-07T10:26:53Z">
          <params>
            <param index="0">
              <value>
                <![CDATA[GroupFF]]>
              </value>
            </param>
            <param index="1">
              <value>
                <![CDATA[newGroupFF]]>
              </value>
            </param>
            <param index="2">
              <value>
                <![CDATA[FFGroupUserTest]]>
              </value>
            </param>
          </params>
          <reporter-output>
          </reporter-output>
        </test-method> <!-- EditGroup -->
        <test-method status="PASS" signature="close()[pri:0, instance:com.zaizi.automation.alfresco.testScripts.UserGroupTest_FF@71809907]" name="close" is-config="true" duration-ms="3584" started-at="2016-06-07T10:26:53Z" finished-at="2016-06-07T10:26:56Z">
          <reporter-output>
          </reporter-output>
        </test-method> <!-- close -->
        <test-method status="PASS" signature="beforemethod()[pri:0, instance:com.zaizi.automation.alfresco.testScripts.UserGroupTest_FF@71809907]" name="beforemethod" is-config="true" duration-ms="54617" started-at="2016-06-07T10:26:56Z" finished-at="2016-06-07T10:27:51Z">
          <reporter-output>
          </reporter-output>
        </test-method> <!-- beforemethod -->
        <test-method status="PASS" signature="close()[pri:0, instance:com.zaizi.automation.alfresco.testScripts.UserGroupTest_FF@71809907]" name="close" is-config="true" duration-ms="1173" started-at="2016-06-07T10:29:36Z" finished-at="2016-06-07T10:29:37Z">
          <reporter-output>
          </reporter-output>
        </test-method> <!-- close -->
        <test-method status="PASS" signature="beforemethod()[pri:0, instance:com.zaizi.automation.alfresco.testScripts.UserGroupTest_FF@71809907]" name="beforemethod" is-config="true" duration-ms="21737" started-at="2016-06-07T10:29:38Z" finished-at="2016-06-07T10:29:59Z">
          <reporter-output>
          </reporter-output>
        </test-method> <!-- beforemethod -->
        <test-method status="PASS" signature="removeGroup(java.lang.String, java.lang.String)[pri:0, instance:com.zaizi.automation.alfresco.testScripts.UserGroupTest_FF@71809907]" name="removeGroup" duration-ms="100690" started-at="2016-06-07T10:29:59Z" data-provider="getData" finished-at="2016-06-07T10:31:40Z">
          <params>
            <param index="0">
              <value>
                <![CDATA[newGroupFF]]>
              </value>
            </param>
            <param index="1">
              <value>
                <![CDATA[FFGroupUserTest]]>
              </value>
            </param>
          </params>
          <reporter-output>
          </reporter-output>
        </test-method> <!-- removeGroup -->
        <test-method status="PASS" signature="close()[pri:0, instance:com.zaizi.automation.alfresco.testScripts.UserGroupTest_FF@71809907]" name="close" is-config="true" duration-ms="3955" started-at="2016-06-07T10:31:40Z" finished-at="2016-06-07T10:31:44Z">
          <reporter-output>
          </reporter-output>
        </test-method> <!-- close -->
        <test-method status="PASS" signature="extent()[pri:0, instance:com.zaizi.automation.alfresco.testScripts.UserGroupTest_FF@71809907]" name="extent" is-config="true" duration-ms="3367" started-at="2016-06-07T10:31:44Z" finished-at="2016-06-07T10:31:47Z">
          <reporter-output>
          </reporter-output>
        </test-method> <!-- extent -->
      </class> <!-- com.zaizi.automation.alfresco.testScripts.UserGroupTest_FF -->
    </test> <!-- Test-UserGroup test Alfresco -->
    <test name="Email Report" duration-ms="1" started-at="2016-06-07T05:01:48Z" finished-at="2016-06-07T05:01:48Z">
      <class name="com.zaizi.automation.email.sendEmailReport">
        <test-method status="PASS" signature="aftersuite()[pri:0, instance:com.zaizi.automation.email.sendEmailReport@52bf72b5]" name="aftersuite" is-config="true" duration-ms="94702" started-at="2016-06-07T10:31:48Z" finished-at="2016-06-07T10:33:23Z">
          <reporter-output>
          </reporter-output>
        </test-method> <!-- aftersuite -->
      </class> <!-- com.zaizi.automation.email.sendEmailReport -->
    </test> <!-- Email Report -->
  </suite> <!-- Alfresco Login -->
</testng-results>
